<?xml version="1.0" encoding="UTF-8"?>
<!-- Generated by org.testng.reporters.JUnitXMLReporter -->
<testsuite hostname="ATMECSINLT-269" name="SampleTest" tests="5" failures="0" timestamp="7 Apr 2020 13:03:19 GMT" time="185.713" errors="0">
  <testcase name="signIntoMyStore" time="26.357" classname="com.qa.automation.mystoreapplication.testscript.MyStoreOrder"/>
  <testcase name="addToCart" time="99.723" classname="com.qa.automation.mystoreapplication.testscript.MyStoreOrder"/>
  <testcase name="performCheckout" time="30.567" classname="com.qa.automation.mystoreapplication.testscript.MyStoreOrder"/>
  <testcase name="confirmOrder" time="10.338" classname="com.qa.automation.mystoreapplication.testscript.MyStoreOrder"/>
  <testcase name="verifyOrderDetails" time="12.819" classname="com.qa.automation.mystoreapplication.testscript.MyStoreOrder"/>
</testsuite> <!-- SampleTest -->
