<?xml version="1.0" encoding="UTF-8"?>
<!-- Generated by org.testng.reporters.JUnitXMLReporter -->
<testsuite hostname="ATMECSINLT-269" name="SampleTest" tests="2" failures="0" timestamp="6 Apr 2020 14:53:19 GMT" time="61.79" errors="0">
  <testcase name="RegisterMember" time="24.644" classname="com.qa.automation.mystoreapplication.testscript.NewCustomerRegistration"/>
  <testcase name="RegisterMember" time="14.418" classname="com.qa.automation.mystoreapplication.testscript.NewCustomerRegistration"/>
</testsuite> <!-- SampleTest -->
